\BOOKMARK [1][-]{section.1}{\376\377\000I\000N\000D\000I\000C\000E}{}% 1
\BOOKMARK [1][-]{section.2}{\376\377\000\315\000N\000D\000I\000C\000E\000\040\000P\000O\000R\000\040\000T\000I\000P\000O}{}% 2
\BOOKMARK [2][-]{song1-1.2}{\376\377\0001\000.\000\040\000A\000\040\000C\000A\000S\000A\000\040\000Q\000U\000I\000E\000R\000O\000\040\000V\000O\000L\000V\000E\000R}{section.2}% 3
\BOOKMARK [2][-]{song1-2.2}{\376\377\0002\000.\000\040\000A\000\040\000J\000E\000S\000U\000C\000R\000I\000S\000T\000O\000\040\000V\000E\000N\000\040\000S\000I\000N\000\040\000T\000A\000R\000D\000A\000R}{section.2}% 4
\BOOKMARK [2][-]{song1-3.2}{\376\377\0003\000.\000\040\000A\000B\000R\000E\000\040\000M\000I\000S\000\040\000O\000J\000O\000S}{section.2}% 5
\BOOKMARK [2][-]{song1-4.2}{\376\377\0004\000.\000\040\000A\000G\000U\000A\000\040\000D\000E\000\040\000V\000I\000D\000A}{section.2}% 6
\BOOKMARK [2][-]{song1-5.2}{\376\377\0005\000.\000\040\000A\000G\000R\000A\000D\000E\000C\000I\000M\000I\000E\000N\000T\000O}{section.2}% 7
\BOOKMARK [2][-]{song1-6.2}{\376\377\0006\000.\000\040\000A\000L\000A\000B\000A\000D\000\040\000A\000\040\000J\000E\000H\000O\000V\000A}{section.2}% 8
\BOOKMARK [2][-]{song1-7.2}{\376\377\0007\000.\000\040\000A\000L\000A\000B\000A\000D\000\040\000A\000L\000\040\000G\000R\000A\000N\000\040\000R\000E\000Y}{section.2}% 9
\BOOKMARK [2][-]{song1-8.2}{\376\377\0008\000.\000\040\000A\000L\000E\000L\000U\000Y\000A\000\040\000A\000L\000\040\000S\000E\000\321\000O\000R}{section.2}% 10
\BOOKMARK [2][-]{song1-9.2}{\376\377\0009\000.\000\040\000A\000L\000L\000\315\000\040\000E\000S\000T\000A\000R\000\311}{section.2}% 11
\BOOKMARK [2][-]{song1-10.2}{\376\377\0001\0000\000.\000\040\000A\000Q\000U\000\315\000\040\000E\000S\000T\000O\000Y}{section.2}% 12
\BOOKMARK [2][-]{song1-11.2}{\376\377\0001\0001\000.\000\040\000A\000\321\000O\000S\000\040\000H\000A\000N\000\040\000P\000A\000S\000A\000D\000S\000O\000\040\000Y\000A}{section.2}% 13
\BOOKMARK [2][-]{song1-12.2}{\376\377\0001\0002\000.\000\040\000B\000A\000J\000O\000\040\000L\000A\000\040\000S\000A\000N\000G\000R\000E\000\040\000E\000X\000P\000I\000A\000T\000O\000R\000I\000A}{section.2}% 14
\BOOKMARK [2][-]{song1-13.2}{\376\377\0001\0003\000.\000\040\000B\000E\000N\000D\000I\000T\000A\000\040\000S\000E\000A\000\040\000L\000A\000\040\000G\000R\000A\000C\000I\000A}{section.2}% 15
\BOOKMARK [2][-]{song1-14.2}{\376\377\0001\0004\000.\000\040\000C\000A\000D\000A\000\040\000D\000I\000A}{section.2}% 16
\BOOKMARK [2][-]{song1-15.2}{\376\377\0001\0005\000.\000\040\000C\000A\000M\000I\000N\000A\000N\000D\000O}{section.2}% 17
\BOOKMARK [2][-]{song1-16.2}{\376\377\0001\0006\000.\000\040\000C\000A\000M\000I\000N\000A\000R\000E\000\040\000E\000S\000T\000E\000\040\000S\000E\000N\000D\000E\000R\000O}{section.2}% 18
\BOOKMARK [2][-]{song1-17.2}{\376\377\0001\0007\000.\000\040\000C\000E\000R\000C\000A\000\040\000D\000E\000\040\000T\000I}{section.2}% 19
\BOOKMARK [2][-]{song1-18.2}{\376\377\0001\0008\000.\000\040\000C\000L\000A\000M\000A\000N\000D\000O\000\040\000E\000S\000T\000O\000Y}{section.2}% 20
\BOOKMARK [2][-]{song1-19.2}{\376\377\0001\0009\000.\000\040\000C\000O\000M\000P\000R\000A\000D\000O\000\040\000C\000O\000N\000\040\000S\000A\000N\000G\000R\000E\000\040\000P\000O\000R\000\040\000C\000R\000I\000S\000T\000O}{section.2}% 21
\BOOKMARK [2][-]{song1-20.2}{\376\377\0002\0000\000.\000\040\000C\000O\000N\000\040\000M\000I\000S\000\040\000M\000A\000N\000O\000S}{section.2}% 22
\BOOKMARK [2][-]{song1-21.2}{\376\377\0002\0001\000.\000\040\000C\000O\000N\000\040\000T\000U\000\040\000A\000M\000O\000R}{section.2}% 23
\BOOKMARK [2][-]{song1-22.2}{\376\377\0002\0002\000.\000\040\000C\000O\000N\000\040\000Q\000U\000E\000\040\000P\000A\000G\000A\000R\000E\000M\000O\000S}{section.2}% 24
\BOOKMARK [2][-]{song1-23.2}{\376\377\0002\0003\000.\000\040\000C\000O\000N\000O\000Z\000C\000O\000\040\000Q\000U\000E\000\040\000T\000O\000D\000O\000\040\000L\000O\000\040\000P\000U\000E\000D\000E\000S}{section.2}% 25
\BOOKMARK [2][-]{song1-24.2}{\376\377\0002\0004\000.\000\040\000C\000R\000I\000S\000T\000O\000\040\000E\000S\000\040\000L\000A\000\040\000P\000E\000\321\000A\000\040\000D\000E\000\040\000H\000O\000R\000E\000B}{section.2}% 26
\BOOKMARK [2][-]{song1-25.2}{\376\377\0002\0005\000.\000\040\000C\000R\000I\000S\000T\000O\000\040\000H\000A\000\040\000T\000O\000M\000A\000D\000O\000\040\000M\000I\000\040\000V\000I\000D\000A}{section.2}% 27
\BOOKMARK [2][-]{song1-26.2}{\376\377\0002\0006\000.\000\040\000C\000R\000I\000S\000T\000O\000\040\000L\000A\000\040\000R\000O\000C\000A}{section.2}% 28
\BOOKMARK [2][-]{song1-27.2}{\376\377\0002\0007\000.\000\040\000C\000R\000I\000S\000T\000O\000\040\000M\000A\000R\000A\000V\000I\000L\000L\000O\000S\000O\000\040\000E\000R\000E\000S\000\040\000T\000U}{section.2}% 29
\BOOKMARK [2][-]{song1-28.2}{\376\377\0002\0008\000.\000\040\000C\000U\000A\000N\000\040\000G\000L\000O\000R\000I\000O\000S\000A\000\040\000S\000E\000R\000A\000\040\000L\000A\000\040\000M\000A\000\321\000A\000N\000A}{section.2}% 30
\BOOKMARK [2][-]{song1-29.2}{\376\377\0002\0009\000.\000\040\000C\000U\000A\000N\000\040\000G\000R\000A\000N\000D\000E\000\040\000E\000S\000\040\000\311\000L}{section.2}% 31
\BOOKMARK [2][-]{song1-30.2}{\376\377\0003\0000\000.\000\040\000C\000U\000A\000N\000D\000O\000\040\000A\000L\000L\000\301\000\040\000S\000E\000\040\000P\000A\000S\000E\000\040\000L\000I\000S\000T\000A}{section.2}% 32
\BOOKMARK [2][-]{song1-31.2}{\376\377\0003\0001\000.\000\040\000C\000U\000A\000N\000D\000O\000\040\000D\000I\000O\000S\000\040\000L\000A\000\040\000S\000A\000N\000G\000R\000E\000\040\000V\000E}{section.2}% 33
\BOOKMARK [2][-]{song1-32.2}{\376\377\0003\0002\000.\000\040\000C\000U\000A\000N\000D\000O\000\040\000E\000L\000\040\000P\000U\000E\000B\000L\000O\000\040\000D\000E\000L\000\040\000S\000E\000\321\000O\000R\000\040\000A\000L\000A\000B\000A\000\040\000A\000\040\000D\000I\000O\000S}{section.2}% 34
\BOOKMARK [2][-]{song1-33.2}{\376\377\0003\0003\000.\000\040\000C\000U\000A\000N\000D\000O\000\040\000L\000O\000S\000\040\000S\000A\000N\000T\000O\000S\000\040\000M\000A\000R\000C\000H\000E\000N\000\040\000Y\000A}{section.2}% 35
\BOOKMARK [2][-]{song1-34.2}{\376\377\0003\0004\000.\000\040\000D\000E\000\040\000J\000E\000S\000U\000S\000\040\000E\000L\000\040\000N\000O\000M\000B\000R\000E\000\040\000I\000N\000V\000O\000C\000A}{section.2}% 36
\BOOKMARK [2][-]{song1-35.2}{\376\377\0003\0005\000.\000\040\000D\000E\000M\000O\000S\000\040\000G\000R\000A\000C\000I\000A\000S}{section.2}% 37
\BOOKMARK [2][-]{song1-36.2}{\376\377\0003\0006\000.\000\040\000D\000E\000S\000P\000U\000\311\000S\000\040\000D\000E\000\040\000L\000A\000\040\000B\000A\000T\000A\000L\000L\000A}{section.2}% 38
\BOOKMARK [2][-]{song1-37.2}{\376\377\0003\0007\000.\000\040\000D\000I\000A\000\040\000F\000E\000L\000I\000Z}{section.2}% 39
\BOOKMARK [2][-]{song1-38.2}{\376\377\0003\0008\000.\000\040\000D\000I\000L\000O\000\040\000A\000\040\000C\000R\000I\000S\000T\000O}{section.2}% 40
\BOOKMARK [2][-]{song1-39.2}{\376\377\0003\0009\000.\000\040\000D\000I\000G\000N\000O\000\040\000D\000E\000\040\000G\000L\000O\000R\000I\000A}{section.2}% 41
\BOOKMARK [2][-]{song1-40.2}{\376\377\0004\0000\000.\000\040\000D\000I\000G\000N\000O\000\040\000E\000S\000\040\000D\000E\000\040\000A\000D\000O\000R\000A\000R}{section.2}% 42
\BOOKMARK [2][-]{song1-41.2}{\376\377\0004\0001\000.\000\040\000D\000I\000O\000S\000\040\000E\000S\000\040\000N\000U\000E\000S\000T\000R\000O\000\040\000A\000M\000P\000A\000R\000O}{section.2}% 43
\BOOKMARK [2][-]{song1-42.2}{\376\377\0004\0002\000.\000\040\000D\000I\000O\000S\000\040\000M\000E\000\040\000S\000A\000N\000T\000I\000F\000I\000C\000O}{section.2}% 44
\BOOKMARK [2][-]{song1-43.2}{\376\377\0004\0003\000.\000\040\000D\000I\000O\000S\000\040\000O\000S\000\040\000G\000U\000A\000R\000D\000E}{section.2}% 45
\BOOKMARK [2][-]{song1-44.2}{\376\377\0004\0004\000.\000\040\000D\000I\000O\000S\000\040\000T\000E\000\040\000V\000E}{section.2}% 46
\BOOKMARK [2][-]{song1-45.2}{\376\377\0004\0005\000.\000\040\000D\000I\000V\000I\000N\000O\000\040\000C\000O\000M\000P\000A\000\321\000E\000R\000O}{section.2}% 47
\BOOKMARK [2][-]{song1-46.2}{\376\377\0004\0006\000.\000\040\000D\000U\000L\000C\000E\000\040\000C\000O\000M\000U\000N\000I\000\323\000N}{section.2}% 48
\BOOKMARK [2][-]{song1-47.2}{\376\377\0004\0007\000.\000\040\000D\000U\000L\000C\000E\000S\000\040\000M\000E\000L\000O\000D\000\315\000A\000S}{section.2}% 49
\BOOKMARK [2][-]{song1-48.2}{\376\377\0004\0008\000.\000\040\000E\000L\000\040\000E\000S\000\040\000J\000E\000H\000O\000V\000\301}{section.2}% 50
\BOOKMARK [2][-]{song1-49.2}{\376\377\0004\0009\000.\000\040\000E\000L\000\040\000E\000S\000T\000I\000R\000I\000T\000U\000\040\000D\000E\000\040\000D\000I\000O\000S}{section.2}% 51
\BOOKMARK [2][-]{song1-50.2}{\376\377\0005\0000\000.\000\040\000E\000L\000\040\000I\000M\000C\000A\000M\000B\000I\000A\000B\000L\000E\000\040\000D\000I\000O\000S}{section.2}% 52
\BOOKMARK [2][-]{song1-51.2}{\376\377\0005\0001\000.\000\040\000E\000L\000\040\000M\000E\000\040\000L\000E\000V\000A\000N\000T\000A\000R\000\301}{section.2}% 53
\BOOKMARK [2][-]{song1-52.2}{\376\377\0005\0002\000.\000\040\000E\000L\000\040\000M\000U\000N\000D\000O\000\040\000N\000O\000\040\000E\000S\000\040\000M\000I\000\040\000H\000O\000G\000A\000R}{section.2}% 54
\BOOKMARK [2][-]{song1-53.2}{\376\377\0005\0003\000.\000\040\000E\000L\000\040\000R\000A\000P\000T\000O}{section.2}% 55
\BOOKMARK [2][-]{song1-54.2}{\376\377\0005\0004\000.\000\040\000E\000N\000\040\000E\000L\000\040\000M\000O\000N\000T\000E\000\040\000C\000A\000L\000V\000A\000R\000I\000O}{section.2}% 56
\BOOKMARK [2][-]{song1-55.2}{\376\377\0005\0005\000.\000\040\000E\000N\000\040\000J\000E\000H\000O\000V\000A}{section.2}% 57
\BOOKMARK [2][-]{song1-56.2}{\376\377\0005\0006\000.\000\040\000E\000N\000\040\000L\000A\000\040\000C\000R\000U\000Z}{section.2}% 58
\BOOKMARK [2][-]{song1-57.2}{\376\377\0005\0007\000.\000\040\000E\000N\000\040\000L\000A\000S\000\040\000A\000L\000A\000S\000\040\000D\000E\000\040\000U\000N\000A\000\040\000B\000L\000A\000N\000C\000A\000\040\000P\000A\000L\000O\000M\000A}{section.2}% 59
\BOOKMARK [2][-]{song1-58.2}{\376\377\0005\0008\000.\000\040\000E\000N\000\040\000L\000O\000S\000\040\000T\000I\000E\000M\000P\000O\000S\000\040\000D\000E\000\040\000D\000A\000N\000I\000E\000L}{section.2}% 60
\BOOKMARK [2][-]{song1-59.2}{\376\377\0005\0009\000.\000\040\000E\000N\000\040\000S\000A\000N\000T\000I\000D\000A\000D\000\040\000A\000D\000O\000R\000A\000R\000E}{section.2}% 61
\BOOKMARK [2][-]{song1-60.2}{\376\377\0006\0000\000.\000\040\000E\000N\000\040\000U\000N\000\040\000A\000P\000O\000S\000E\000N\000T\000O\000\040\000A\000L\000T\000O}{section.2}% 62
\BOOKMARK [2][-]{song1-61.2}{\376\377\0006\0001\000.\000\040\000E\000L\000\040\000T\000I\000E\000M\000P\000O\000\040\000D\000E\000\040\000P\000R\000U\000E\000B\000A\000S}{section.2}% 63
\BOOKMARK [2][-]{song1-62.2}{\376\377\0006\0002\000.\000\040\000E\000N\000T\000R\000A\000\040\000E\000N\000\040\000L\000A\000\040\000P\000R\000E\000S\000E\000N\000C\000I\000A}{section.2}% 64
\BOOKMARK [2][-]{song1-63.2}{\376\377\0006\0003\000.\000\040\000E\000N\000T\000E\000R\000A\000\040\000C\000O\000N\000S\000A\000G\000R\000A\000C\000I\000\323\000N}{section.2}% 65
\BOOKMARK [2][-]{song1-64.2}{\376\377\0006\0004\000.\000\040\000E\000S\000C\000O\000G\000I\000D\000O\000\040\000F\000U\000I\000\040\000D\000E\000\040\000D\000I\000O\000S}{section.2}% 66
\BOOKMARK [2][-]{song1-65.2}{\376\377\0006\0005\000.\000\040\000E\000S\000T\000E\000\040\000E\000S\000\040\000U\000N\000\040\000N\000U\000E\000V\000O\000\040\000E\000F\000E\000S\000I\000O}{section.2}% 67
\BOOKMARK [2][-]{song1-66.2}{\376\377\0006\0006\000.\000\040\000E\000S\000T\000E\000\040\000E\000S\000\040\000U\000N\000\040\000N\000U\000E\000V\000O\000\040\000E\000F\000E\000S\000I\000O\000\040\000\050\000A\000\051}{section.2}% 68
\BOOKMARK [2][-]{song1-67.2}{\376\377\0006\0007\000.\000\040\000E\000S\000T\000O\000Y\000\040\000C\000O\000N\000F\000I\000A\000N\000D\000O\000\040\000E\000N\000\040\000T\000I}{section.2}% 69
\BOOKMARK [2][-]{song1-68.2}{\376\377\0006\0008\000.\000\040\000E\000S\000P\000E\000R\000A\000N\000Z\000A\000\040\000P\000L\000E\000N\000A}{section.2}% 70
\BOOKMARK [2][-]{song1-69.2}{\376\377\0006\0009\000.\000\040\000E\000R\000E\000S\000\040\000D\000I\000G\000N\000O}{section.2}% 71
\BOOKMARK [2][-]{song1-70.2}{\376\377\0007\0000\000.\000\040\000F\000U\000E\000\040\000T\000U\000\040\000A\000M\000O\000R}{section.2}% 72
\BOOKMARK [2][-]{song1-71.2}{\376\377\0007\0001\000.\000\040\000F\000U\000E\000N\000T\000E\000\040\000D\000E\000\040\000M\000I\000S\000E\000R\000I\000C\000O\000R\000D\000I\000A}{section.2}% 73
\BOOKMARK [2][-]{song1-72.2}{\376\377\0007\0002\000.\000\040\000G\000L\000O\000R\000I\000A\000\040\000A\000\040\000D\000I\000O\000S}{section.2}% 74
\BOOKMARK [2][-]{song1-73.2}{\376\377\0007\0003\000.\000\040\000G\000L\000O\000R\000I\000A\000\040\000G\000L\000O\000R\000I\000A\000\040\000A\000L\000E\000L\000U\000Y\000A}{section.2}% 75
\BOOKMARK [2][-]{song1-74.2}{\376\377\0007\0004\000.\000\040\000G\000R\000A\000N\000D\000E\000\040\000E\000S\000\040\000E\000L\000\040\000A\000M\000O\000R\000\040\000D\000E\000\040\000D\000I\000O\000S}{section.2}% 76
\BOOKMARK [2][-]{song1-75.2}{\376\377\0007\0005\000.\000\040\000G\000R\000A\000N\000D\000E\000S\000\040\000Y\000\040\000M\000A\000R\000A\000V\000I\000L\000L\000O\000S\000A\000S\000\040\000S\000O\000N\000\040\000T\000U\000S\000\040\000O\000B\000R\000A\000S}{section.2}% 77
\BOOKMARK [2][-]{song1-76.2}{\376\377\0007\0006\000.\000\040\000G\000A\000L\000A\000R\000D\000\323\000N}{section.2}% 78
\BOOKMARK [2][-]{song1-77.2}{\376\377\0007\0007\000.\000\040\000G\000O\000Z\000A\000N\000D\000O\000M\000E\000\040\000Y\000O\000\040\000V\000O\000Y}{section.2}% 79
\BOOKMARK [2][-]{song1-78.2}{\376\377\0007\0008\000.\000\040\000G\000R\000A\000C\000I\000A\000S\000\040\000C\000R\000I\000S\000T\000O}{section.2}% 80
\BOOKMARK [2][-]{song1-79.2}{\376\377\0007\0009\000.\000\040\000H\000A\000Y\000\040\000M\000O\000M\000E\000N\000T\000O\000S}{section.2}% 81
\BOOKMARK [2][-]{song1-80.2}{\376\377\0008\0000\000.\000\040\000H\000A\000Y\000\040\000P\000O\000D\000E\000R}{section.2}% 82
\BOOKMARK [2][-]{song1-81.2}{\376\377\0008\0001\000.\000\040\000J\000U\000N\000T\000O\000\040\000A\000\040\000T\000I\000\040\000S\000E\000\321\000O\000R}{section.2}% 83
\BOOKMARK [2][-]{song1-82.2}{\376\377\0008\0002\000.\000\040\000H\000A\000L\000L\000E\000\040\000U\000N\000\040\000B\000U\000E\000N\000\040\000A\000M\000I\000G\000O}{section.2}% 84
\BOOKMARK [2][-]{song1-83.2}{\376\377\0008\0003\000.\000\040\000H\000A\000S\000T\000A\000\040\000E\000L\000\040\000F\000I\000N\000\040\000L\000U\000C\000H\000A\000R\000E}{section.2}% 85
\BOOKMARK [2][-]{song1-84.2}{\376\377\0008\0004\000.\000\040\000H\000A\000Y\000\040\000M\000O\000M\000E\000N\000T\000O\000S\000\040\000T\000A\000N\000\040\000E\000S\000P\000E\000C\000I\000A\000L\000E\000S}{section.2}% 86
\BOOKMARK [2][-]{song1-85.2}{\376\377\0008\0005\000.\000\040\000H\000A\000Y\000\040\000U\000N\000\040\000R\000I\000O}{section.2}% 87
\BOOKMARK [2][-]{song1-86.2}{\376\377\0008\0006\000.\000\040\000H\000A\000Y\000\040\000U\000N\000A\000\040\000F\000U\000E\000N\000T\000E\000\040\000E\000N\000\040\000M\000I}{section.2}% 88
\BOOKMARK [2][-]{song1-87.2}{\376\377\0008\0007\000.\000\040\000H\000A\000Y\000\040\000U\000N\000\040\000P\000R\000E\000C\000I\000O\000S\000O\000\040\000M\000A\000N\000A\000N\000T\000I\000A\000L}{section.2}% 89
\BOOKMARK [2][-]{song1-88.2}{\376\377\0008\0008\000.\000\040\000H\000A\000L\000L\000E\000\040\000U\000N\000\040\000B\000U\000E\000N\000\040\000A\000M\000I\000G\000O}{section.2}% 90
\BOOKMARK [2][-]{song1-89.2}{\376\377\0008\0009\000.\000\040\000J\000U\000N\000T\000O\000\040\000A\000\040\000L\000A\000\040\000C\000R\000U\000Z}{section.2}% 91
\BOOKMARK [2][-]{song1-90.2}{\376\377\0009\0000\000.\000\040\000I\000N\000D\000E\000L\000E\000B\000L\000E}{section.2}% 92
\BOOKMARK [2][-]{song1-91.2}{\376\377\0009\0001\000.\000\040\000L\000A\000\040\000F\000I\000E\000S\000T\000A\000\040\000D\000E\000\040\000L\000O\000S\000\040\000V\000E\000N\000C\000E\000D\000O\000R\000E\000S}{section.2}% 93
\BOOKMARK [2][-]{song1-92.2}{\376\377\0009\0002\000.\000\040\000L\000I\000B\000R\000E}{section.2}% 94
\BOOKMARK [2][-]{song1-93.2}{\376\377\0009\0003\000.\000\040\000L\000O\000\040\000E\000N\000T\000E\000N\000D\000E\000R\000E\000M\000O\000S\000\040\000T\000O\000D\000O\000\040\000M\000\301\000S\000\040\000A\000L\000L\000A}{section.2}% 95
\BOOKMARK [2][-]{song1-94.2}{\376\377\0009\0004\000.\000\040\000L\000L\000E\000N\000A\000M\000E}{section.2}% 96
\BOOKMARK [2][-]{song1-95.2}{\376\377\0009\0005\000.\000\040\000M\000A\000R\000A\000V\000I\000L\000L\000O\000S\000O\000\040\000E\000S}{section.2}% 97
\BOOKMARK [2][-]{song1-96.2}{\376\377\0009\0006\000.\000\040\000M\000A\000R\000A\000V\000I\000L\000L\000O\000S\000O\000\040\000J\000E\000S\000\332\000S\000\040\000E\000S\000\040\000P\000A\000R\000A\000\040\000M\000\315}{section.2}% 98
\BOOKMARK [2][-]{song1-97.2}{\376\377\0009\0007\000.\000\040\000M\000E\000L\000O\000D\000I\000A\000S\000\040\000C\000E\000L\000E\000S\000T\000I\000A\000L\000E\000S}{section.2}% 99
\BOOKMARK [2][-]{song1-98.2}{\376\377\0009\0008\000.\000\040\000M\000I\000\040\000D\000\315\000A\000\040\000E\000N\000\040\000E\000L\000\040\000C\000A\000L\000V\000A\000R\000I\000O}{section.2}% 100
\BOOKMARK [2][-]{song1-99.2}{\376\377\0009\0009\000.\000\040\000M\000I\000\040\000F\000E\000\040\000E\000N\000\040\000\311\000L}{section.2}% 101
\BOOKMARK [2][-]{song1-100.2}{\376\377\0001\0000\0000\000.\000\040\000M\000I\000R\000A\000D\000\040\000V\000E\000N\000D\000E\000C\000I\000D\000\040\000A\000\040\000J\000E\000H\000O\000V\000A}{section.2}% 102
\BOOKMARK [2][-]{song1-101.2}{\376\377\0001\0000\0001\000.\000\040\000M\000I\000\040\000P\000E\000N\000S\000A\000M\000I\000E\000N\000T\000O\000\040\000E\000R\000E\000S\000\040\000T\000U}{section.2}% 103
\BOOKMARK [2][-]{song1-102.2}{\376\377\0001\0000\0002\000.\000\040\000M\000O\000I\000S\000\311\000S\000\040\000R\000E\000S\000P\000L\000A\000N\000D\000E\000C\000\315\000A}{section.2}% 104
\BOOKMARK [2][-]{song1-103.2}{\376\377\0001\0000\0003\000.\000\040\000N\000A\000D\000I\000E\000\040\000P\000U\000D\000O\000\040\000A\000M\000A\000R\000M\000E\000\040\000C\000O\000M\000O\000\040\000C\000R\000I\000S\000T\000O}{section.2}% 105
\BOOKMARK [2][-]{song1-104.2}{\376\377\0001\0000\0004\000.\000\040\000N\000O\000\040\000H\000A\000Y\000\040\000D\000I\000O\000S\000\040\000T\000A\000N\000\040\000G\000R\000A\000N\000D\000E\000\040\000C\000O\000M\000O\000\040\000T\000U}{section.2}% 106
\BOOKMARK [2][-]{song1-105.2}{\376\377\0001\0000\0005\000.\000\040\000O\000H\000\040\000E\000S\000C\000U\000D\000O}{section.2}% 107
\BOOKMARK [2][-]{song1-106.2}{\376\377\0001\0000\0006\000.\000\040\000O\000H\000\040\000S\000I\000\040\000Q\000U\000I\000E\000R\000O\000\040\000V\000E\000R\000L\000E}{section.2}% 108
\BOOKMARK [2][-]{song1-107.2}{\376\377\0001\0000\0007\000.\000\040\000P\000E\000C\000A\000D\000O\000R\000\040\000V\000E\000N\000\040\000A\000\040\000C\000R\000I\000S\000T\000O}{section.2}% 109
\BOOKMARK [2][-]{song1-108.2}{\376\377\0001\0000\0008\000.\000\040\000P\000E\000R\000O\000\040\000Q\000U\000E\000D\000A\000\040\000C\000R\000I\000S\000T\000O}{section.2}% 110
\BOOKMARK [2][-]{song1-109.2}{\376\377\0001\0000\0009\000.\000\040\000P\000L\000E\000B\000E\000Y\000O}{section.2}% 111
\BOOKMARK [2][-]{song1-110.2}{\376\377\0001\0001\0000\000.\000\040\000P\000O\000R\000Q\000U\000E\000\040\000E\000L\000\040\000V\000I\000V\000E}{section.2}% 112
\BOOKMARK [2][-]{song1-111.2}{\376\377\0001\0001\0001\000.\000\040\000P\000O\000D\000E\000R\000\040\000M\000A\000R\000A\000V\000I\000L\000L\000O\000S\000O\000\040\000P\000O\000D\000E\000R}{section.2}% 113
\BOOKMARK [2][-]{song1-112.2}{\376\377\0001\0001\0002\000.\000\040\000P\000O\000R\000\040\000U\000N\000A\000\040\000S\000E\000N\000D\000A\000\040\000E\000S\000T\000R\000E\000C\000H\000A}{section.2}% 114
\BOOKMARK [2][-]{song1-113.2}{\376\377\0001\0001\0003\000.\000\040\000P\000O\000R\000\040\000T\000I\000\040\000S\000O\000Y\000\040\000F\000E\000L\000I\000Z}{section.2}% 115
\BOOKMARK [2][-]{song1-114.2}{\376\377\0001\0001\0004\000.\000\040\000P\000U\000E\000D\000O\000\040\000D\000E\000S\000C\000A\000N\000S\000A\000R}{section.2}% 116
\BOOKMARK [2][-]{song1-115.2}{\376\377\0001\0001\0005\000.\000\040\000Q\000U\000E\000\040\000B\000E\000L\000L\000A\000\040\000H\000I\000S\000T\000O\000R\000I\000A}{section.2}% 117
\BOOKMARK [2][-]{song1-116.2}{\376\377\0001\0001\0006\000.\000\040\000Q\000U\000I\000E\000R\000O\000\040\000L\000E\000V\000A\000N\000T\000A\000R\000\040\000M\000I\000S\000\040\000M\000A\000N\000O\000S}{section.2}% 118
\BOOKMARK [2][-]{song1-117.2}{\376\377\0001\0001\0007\000.\000\040\000Q\000U\000I\000E\000N\000\040\000E\000N\000T\000R\000A\000R\000A}{section.2}% 119
\BOOKMARK [2][-]{song1-118.2}{\376\377\0001\0001\0008\000.\000\040\000S\000A\000N\000T\000O\000\040\000D\000E\000\040\000G\000L\000O\000R\000I\000A}{section.2}% 120
\BOOKMARK [2][-]{song1-119.2}{\376\377\0001\0001\0009\000.\000\040\000S\000E\000\321\000O\000R\000\040\000L\000L\000E\000N\000A\000N\000O\000S}{section.2}% 121
\BOOKMARK [2][-]{song1-120.2}{\376\377\0001\0002\0000\000.\000\040\000S\000E\000\321\000O\000R\000\040\000L\000L\000E\000V\000A\000M\000E\000\040\000A\000\040\000T\000U\000S\000\040\000A\000T\000R\000I\000O\000S}{section.2}% 122
\BOOKMARK [2][-]{song1-121.2}{\376\377\0001\0002\0001\000.\000\040\000S\000I\000\040\000N\000O\000\040\000H\000U\000B\000I\000E\000R\000A\000\040\000S\000I\000D\000O\000\040\000P\000O\000R\000\040\000E\000L\000\040\000S\000E\000\321\000O\000R}{section.2}% 123
\BOOKMARK [2][-]{song1-122.2}{\376\377\0001\0002\0002\000.\000\040\000S\000I\000\040\000Y\000O\000\040\000S\000E}{section.2}% 124
\BOOKMARK [2][-]{song1-123.2}{\376\377\0001\0002\0003\000.\000\040\000S\000O\000L\000O\000\040\000C\000R\000E\000E\000D}{section.2}% 125
\BOOKMARK [2][-]{song1-124.2}{\376\377\0001\0002\0004\000.\000\040\000S\000O\000Y\000\040\000U\000N\000\040\000M\000I\000L\000A\000G\000R\000O}{section.2}% 126
\BOOKMARK [2][-]{song1-125.2}{\376\377\0001\0002\0005\000.\000\040\000S\000O\000Y\000\040\000U\000N\000\040\000M\000I\000L\000A\000G\000R\000O\000\040\000v\0002}{section.2}% 127
\BOOKMARK [2][-]{song1-126.2}{\376\377\0001\0002\0006\000.\000\040\000S\000U\000B\000L\000I\000M\000E\000\040\000G\000R\000A\000C\000I\000A}{section.2}% 128
\BOOKMARK [2][-]{song1-127.2}{\376\377\0001\0002\0007\000.\000\040\000S\000I\000\040\000E\000L\000\040\000M\000U\000N\000D\000O\000\040\000E\000N\000\040\000V\000E\000Z\000\040\000D\000E\000\040\000R\000O\000S\000A\000S}{section.2}% 129
\BOOKMARK [2][-]{song1-128.2}{\376\377\0001\0002\0008\000.\000\040\000T\000E\000\040\000A\000L\000A\000B\000A\000R\000A\000N\000\040\000O\000H\000\040\000J\000E\000H\000O\000V\000\301\000\040\000T\000O\000D\000O\000S\000\040\000L\000O\000S\000\040\000R\000E\000Y\000E\000S}{section.2}% 130
\BOOKMARK [2][-]{song1-129.2}{\376\377\0001\0002\0009\000.\000\040\000T\000E\000\040\000A\000L\000A\000B\000O}{section.2}% 131
\BOOKMARK [2][-]{song1-130.2}{\376\377\0001\0003\0000\000.\000\040\000T\000E\000\040\000A\000M\000O\000\040\000J\000E\000H\000O\000V\000A}{section.2}% 132
\BOOKMARK [2][-]{song1-131.2}{\376\377\0001\0003\0001\000.\000\040\000T\000E\000N\000G\000O\000\040\000U\000N\000\040\000H\000O\000G\000A\000R}{section.2}% 133
\BOOKMARK [2][-]{song1-132.2}{\376\377\0001\0003\0002\000.\000\040\000T\000E\000\040\000E\000X\000A\000L\000T\000A\000R\000E\000\040\000M\000I\000\040\000D\000I\000O\000S\000\040\000M\000I\000\040\000R\000E\000Y}{section.2}% 134
\BOOKMARK [2][-]{song1-133.2}{\376\377\0001\0003\0003\000.\000\040\000T\000O\000D\000A\000S\000\040\000L\000A\000S\000\040\000P\000R\000O\000M\000E\000S\000A\000S}{section.2}% 135
\BOOKMARK [2][-]{song1-134.2}{\376\377\0001\0003\0004\000.\000\040\000T\000O\000D\000O\000\040\000A\000\040\000C\000R\000I\000S\000T\000O}{section.2}% 136
\BOOKMARK [2][-]{song1-135.2}{\376\377\0001\0003\0005\000.\000\040\000T\000O\000D\000O\000\040\000E\000S\000\040\000P\000O\000S\000I\000B\000L\000E\000\040\000S\000I\000\040\000P\000U\000E\000D\000E\000S\000\040\000C\000R\000E\000E\000R}{section.2}% 137
\BOOKMARK [2][-]{song1-136.2}{\376\377\0001\0003\0006\000.\000\040\000T\000O\000M\000A\000D\000O\000\040\000D\000E\000\040\000L\000A\000\040\000M\000A\000N\000O\000\040\000C\000O\000N\000\040\000E\000L}{section.2}% 138
\BOOKMARK [2][-]{song1-137.2}{\376\377\0001\0003\0007\000.\000\040\000T\000O\000R\000R\000E\000\040\000F\000U\000E\000R\000T\000E}{section.2}% 139
\BOOKMARK [2][-]{song1-138.2}{\376\377\0001\0003\0008\000.\000\040\000T\000R\000I\000G\000O\000\040\000S\000O\000Y}{section.2}% 140
\BOOKMARK [2][-]{song1-139.2}{\376\377\0001\0003\0009\000.\000\040\000T\000U\000\040\000F\000I\000D\000E\000L\000I\000D\000A\000D}{section.2}% 141
\BOOKMARK [2][-]{song1-140.2}{\376\377\0001\0004\0000\000.\000\040\000U\000N\000\040\000D\000\315\000A\000\040\000C\000R\000I\000S\000T\000O\000\040\000V\000O\000L\000V\000E\000R\000A}{section.2}% 142
\BOOKMARK [2][-]{song1-141.2}{\376\377\0001\0004\0001\000.\000\040\000U\000N\000\040\000D\000I\000A\000\040\000R\000E\000G\000R\000E\000S\000A\000R\000E}{section.2}% 143
\BOOKMARK [2][-]{song1-142.2}{\376\377\0001\0004\0002\000.\000\040\000U\000N\000A\000\040\000G\000O\000T\000A\000\040\000D\000E\000\040\000T\000U\000\040\000S\000A\000N\000G\000R\000E}{section.2}% 144
\BOOKMARK [2][-]{song1-143.2}{\376\377\0001\0004\0003\000.\000\040\000V\000A\000M\000O\000S\000\040\000E\000S\000C\000A\000L\000A\000N\000D\000O\000\040\000P\000E\000L\000D\000A\000\321\000O\000S}{section.2}% 145
\BOOKMARK [2][-]{song1-144.2}{\376\377\0001\0004\0004\000.\000\040\000V\000I\000C\000T\000O\000R\000I\000A\000\040\000E\000N\000\040\000C\000R\000I\000S\000T\000O}{section.2}% 146
\BOOKMARK [2][-]{song1-145.2}{\376\377\0001\0004\0005\000.\000\040\000Y\000A\000\040\000T\000O\000D\000O\000\040\000D\000E\000J\000E}{section.2}% 147
\BOOKMARK [2][-]{song1-146.2}{\376\377\0001\0004\0006\000.\000\040\000Y\000O\000\040\000L\000E\000\040\000A\000M\000O}{section.2}% 148
\BOOKMARK [2][-]{song1-147.2}{\376\377\0001\0004\0007\000.\000\040\000Y\000O\000\040\000M\000E\000\040\000R\000I\000N\000D\000O\000\040\000A\000\040\000E\000L}{section.2}% 149
\BOOKMARK [2][-]{song1-148.2}{\376\377\0001\0004\0008\000.\000\040\000Y\000O\000\040\000S\000I\000E\000N\000T\000O\000\040\000G\000O\000Z\000O\000\040\000E\000N\000\040\000M\000I\000\040\000A\000L\000M\000A}{section.2}% 150
\BOOKMARK [2][-]{song1-149.2}{\376\377\0001\0004\0009\000.\000\040\000Y\000O\000\040\000Q\000U\000I\000E\000R\000O\000\040\000M\000A\000S\000\040\000D\000E\000\040\000T\000I}{section.2}% 151
\BOOKMARK [2][-]{song1-150.2}{\376\377\0001\0005\0000\000.\000\040\000Y\000O\000\040\000V\000E\000R\000\311\000\040\000L\000A\000\040\000G\000L\000O\000R\000I\000A\000\040\000D\000E\000\040\000J\000E\000H\000O\000V\000A}{section.2}% 152
\BOOKMARK [2][-]{song1-151.2}{\376\377\0001\0005\0001\000.\000\040\000Y\000\040\000Y\000o\000\040\000S\000o\000y\000\040\000F\000e\000l\000i\000z\000\040\000e\000n\000\040\000A\000l\000a\000b\000a\000r\000l\000e}{section.2}% 153
